<?xml version="1.0" encoding="UTF-8"?>
<!-- Generated by org.testng.reporters.JUnitReportReporter -->
<testsuite hostname="JosePapitha" failures="0" tests="2" name="com.jayway.jsonpath.TransformationAdvancedTest" time="0.197" errors="0" timestamp="2023-03-17T16:19:15 EDT" skipped="0">
  <testcase classname="com.jayway.jsonpath.TransformationAdvancedTest" name="simple_transform_spec_with_missing_source_fields" time="0.005"/>
  <system-out/>
  <testcase classname="com.jayway.jsonpath.TransformationAdvancedTest" name="simple_transform_spec_test" time="0.192"/>
  <system-out/>
</testsuite> <!-- com.jayway.jsonpath.TransformationAdvancedTest -->
