<?xml version="1.0" encoding="UTF-8"?>
<!-- Generated by org.testng.reporters.JUnitReportReporter -->
<testsuite hostname="JosePapitha" failures="0" tests="1" name="com.jayway.jsonpath.TransformationBasicTest" time="0.089" errors="0" timestamp="2023-03-17T16:19:04 EDT" skipped="0">
  <testcase classname="com.jayway.jsonpath.TransformationBasicTest" name="simple_transform_spec_test" time="0.089"/>
  <system-out/>
</testsuite> <!-- com.jayway.jsonpath.TransformationBasicTest -->
